Change Component Designator: Old Designator=*1 New Designator=*2
Change Component Designator: Old Designator=*2 New Designator=*3
Change Component Designator: Old Designator=*3 New Designator=*4
Change Component Designator: Old Designator=* New Designator=*1
Change Component Designator: Old Designator=DA New Designator=DA1
Change Component Designator: Old Designator=P? New Designator=P1
Change Component Designator: Old Designator=R11 New Designator=R14
Change Component Designator: Old Designator=R12 New Designator=R15
Change Component Designator: Old Designator=R13 New Designator=R22
Change Component Designator: Old Designator=R14 New Designator=R18
Change Component Designator: Old Designator=R14 New Designator=R29
Change Component Designator: Old Designator=R16 New Designator=R21
Change Component Designator: Old Designator=R16 New Designator=R34
Change Component Designator: Old Designator=R22 New Designator=R36
Change Component Designator: Old Designator=R23 New Designator=R37
Change Component Designator: Old Designator=R24 New Designator=R38
Change Component Designator: Old Designator=R25 New Designator=R39
Change Component Designator: Old Designator=R26 New Designator=R40
Change Component Designator: Old Designator=R27 New Designator=R41
Change Component Designator: Old Designator=R28 New Designator=R11
Change Component Designator: Old Designator=R28 New Designator=R12
Change Component Designator: Old Designator=R28 New Designator=R20
Change Component Designator: Old Designator=R28 New Designator=R23
Change Component Designator: Old Designator=R28 New Designator=R24
Change Component Designator: Old Designator=R28 New Designator=R30
Change Component Designator: Old Designator=R28 New Designator=R32
Change Component Designator: Old Designator=R28 New Designator=R33
Change Component Designator: Old Designator=R28 New Designator=R35
Change Component Designator: Old Designator=R28 New Designator=R42
Change Component Designator: Old Designator=R29 New Designator=R43
Change Component Designator: Old Designator=R30 New Designator=R13
Change Component Designator: Old Designator=R30 New Designator=R16
Change Component Designator: Old Designator=R30 New Designator=R19
Change Component Designator: Old Designator=R30 New Designator=R25
Change Component Designator: Old Designator=R30 New Designator=R27
Change Component Designator: Old Designator=R30 New Designator=R31
Change Component Designator: Old Designator=R30 New Designator=R44
Change Component Designator: Old Designator=R31 New Designator=R45
Change Component Designator: Old Designator=R32 New Designator=R46
Change Component Designator: Old Designator=R? New Designator=R17
Change Component Designator: Old Designator=R? New Designator=R26
Change Component Designator: Old Designator=R? New Designator=R28
Change Component Designator: Old Designator=U2 New Designator=U5
Change Component Designator: Old Designator=U3 New Designator=U6
Change Component Designator: Old Designator=U3 New Designator=U6
Change Component Designator: Old Designator=U4 New Designator=U7
Change Component Designator: Old Designator=U? New Designator=U2
Change Component Designator: Old Designator=U? New Designator=U3
Change Component Designator: Old Designator=U? New Designator=U4
Change Component Designator: Old Designator=U? New Designator=U2
Change Component Designator: Old Designator=U? New Designator=U3
Change Component Designator: Old Designator=U? New Designator=U4
Change Component Designator: Old Designator=表面电阻 New Designator=表面电阻1
