Change Component Designator: Old Designator=*2 New Designator=*3
Change Component Designator: Old Designator=* New Designator=*1
Change Component Designator: Old Designator=* New Designator=*2
Change Component Designator: Old Designator=A0512S New Designator=A1
Change Component Designator: Old Designator=C1 New Designator=C10
Change Component Designator: Old Designator=C2 New Designator=C11
Change Component Designator: Old Designator=C3 New Designator=C12
Change Component Designator: Old Designator=C4 New Designator=C13
Change Component Designator: Old Designator=C5 New Designator=C19
Change Component Designator: Old Designator=C6 New Designator=C20
Change Component Designator: Old Designator=C8 New Designator=C6
Change Component Designator: Old Designator=C8 New Designator=C27
Change Component Designator: Old Designator=C9 New Designator=C22
Change Component Designator: Old Designator=C10 New Designator=C23
Change Component Designator: Old Designator=C13 New Designator=C14
Change Component Designator: Old Designator=C14 New Designator=C15
Change Component Designator: Old Designator=C15 New Designator=C16
Change Component Designator: Old Designator=C16 New Designator=C18
Change Component Designator: Old Designator=C19 New Designator=C7
Change Component Designator: Old Designator=C21 New Designator=C8
Change Component Designator: Old Designator=C22 New Designator=C1
Change Component Designator: Old Designator=C22 New Designator=C2
Change Component Designator: Old Designator=C22 New Designator=C3
Change Component Designator: Old Designator=C22 New Designator=C4
Change Component Designator: Old Designator=C22 New Designator=C5
Change Component Designator: Old Designator=C22 New Designator=C9
Change Component Designator: Old Designator=C22 New Designator=C25
Change Component Designator: Old Designator=C? New Designator=C21
Change Component Designator: Old Designator=C? New Designator=C24
Change Component Designator: Old Designator=C? New Designator=C26
Change Component Designator: Old Designator=C? New Designator=C28
Change Component Designator: Old Designator=C? New Designator=C29
Change Component Designator: Old Designator=D3 New Designator=D2
Change Component Designator: Old Designator=D? New Designator=D1
Change Component Designator: Old Designator=Force Sensor New Designator=Force Sensor1
Change Component Designator: Old Designator=IIC_Laser New Designator=IIC_Laser1
Change Component Designator: Old Designator=IN New Designator=IN1
Change Component Designator: Old Designator=L? New Designator=L2
Change Component Designator: Old Designator=OLED New Designator=OLED1
Change Component Designator: Old Designator=OUT New Designator=OUT1
Change Component Designator: Old Designator=Q? New Designator=Q1
Change Component Designator: Old Designator=R1 New Designator=R9
Change Component Designator: Old Designator=R2 New Designator=R10
Change Component Designator: Old Designator=R3 New Designator=R2
Change Component Designator: Old Designator=R3 New Designator=R4
Change Component Designator: Old Designator=R3 New Designator=R5
Change Component Designator: Old Designator=R3 New Designator=R6
Change Component Designator: Old Designator=R3 New Designator=R7
Change Component Designator: Old Designator=R3 New Designator=R8
Change Component Designator: Old Designator=R3 New Designator=R11
Change Component Designator: Old Designator=R4 New Designator=R12
Change Component Designator: Old Designator=R4 New Designator=R14
Change Component Designator: Old Designator=R4 New Designator=R15
Change Component Designator: Old Designator=R4 New Designator=R16
Change Component Designator: Old Designator=R4 New Designator=R17
Change Component Designator: Old Designator=R4 New Designator=R18
Change Component Designator: Old Designator=R4 New Designator=R19
Change Component Designator: Old Designator=R4 New Designator=R20
Change Component Designator: Old Designator=R4 New Designator=R21
Change Component Designator: Old Designator=R? New Designator=R1
Change Component Designator: Old Designator=R? New Designator=R13
Change Component Designator: Old Designator=R? New Designator=R22
Change Component Designator: Old Designator=R? New Designator=R23
Change Component Designator: Old Designator=R? New Designator=R24
Change Component Designator: Old Designator=R? New Designator=R25
Change Component Designator: Old Designator=R? New Designator=R26
Change Component Designator: Old Designator=R? New Designator=R27
Change Component Designator: Old Designator=R? New Designator=R28
Change Component Designator: Old Designator=R? New Designator=R29
Change Component Designator: Old Designator=R? New Designator=R30
Change Component Designator: Old Designator=R? New Designator=R31
Change Component Designator: Old Designator=R? New Designator=R32
Change Component Designator: Old Designator=RESET New Designator=RESET1
Change Component Designator: Old Designator=S1 New Designator=S2
Change Component Designator: Old Designator=S1 New Designator=S3
Change Component Designator: Old Designator=S1 New Designator=S4
Change Component Designator: Old Designator=S1 New Designator=S5
Change Component Designator: Old Designator=T? New Designator=T1
Change Component Designator: Old Designator=T? New Designator=T2
Change Component Designator: Old Designator=T? New Designator=T3
Change Component Designator: Old Designator=T? New Designator=T4
Change Component Designator: Old Designator=U1 New Designator=U2
Change Component Designator: Old Designator=U? New Designator=U1
Change Component Designator: Old Designator=U? New Designator=U3
Change Component Designator: Old Designator=U? New Designator=U1
Change Component Designator: Old Designator=U? New Designator=U3
Change Component Designator: Old Designator=U? New Designator=U4
Change Component Designator: Old Designator=Y1 New Designator=Y2
Change Component Designator: Old Designator=Y? New Designator=Y1
