Change Component Designator: OldDesignator= NewDesignator=*2
Change Component Designator: OldDesignator= NewDesignator=*6
Change Component Designator: OldDesignator= NewDesignator=*7
Change Component Designator: OldDesignator= NewDesignator=*8
Change Component Designator: OldDesignator= NewDesignator=*10
Change Component Designator: OldDesignator= NewDesignator=T1
Change Component Designator: OldDesignator= NewDesignator=Y1
Change Component Designator: OldDesignator= NewDesignator=Y2
Change Component Designator: OldDesignator=C51 NewDesignator=C50
Change Component Designator: OldDesignator=C52 NewDesignator=C51
Change Component Designator: OldDesignator=C53 NewDesignator=C52
Change Component Designator: OldDesignator=C54 NewDesignator=C53
Change Component Designator: OldDesignator=C55 NewDesignator=C54
Change Component Designator: OldDesignator=CAN NewDesignator=CAN1
Change Component Designator: OldDesignator=DA0 NewDesignator=DA1
Change Component Designator: OldDesignator=DA1 NewDesignator=DA2
Change Component Designator: OldDesignator=DC NewDesignator=*5
Change Component Designator: OldDesignator=Force Sensor NewDesignator=Force Sensor1
Change Component Designator: OldDesignator=KEY NewDesignator=S1
Change Component Designator: OldDesignator=LED0 NewDesignator=D3
Change Component Designator: OldDesignator=LED1 NewDesignator=D2
Change Component Designator: OldDesignator=PWR NewDesignator=D9
Change Component Designator: OldDesignator=RESET NewDesignator=RESET1
Change Component Designator: OldDesignator=RS232 NewDesignator=RS1
Change Component Designator: OldDesignator=RS485 NewDesignator=RS2
Change Component Designator: OldDesignator=SWD NewDesignator=SWD1
Change Component Designator: OldDesignator=USART NewDesignator=USB_USART1
Change Net Name : Old Net Name=NetC53_1 New Net Name=NetC52_1
Added Member To Class: ClassName=IPMC_MACP Member=Component *2 LM336
Added Member To Class: ClassName=IPMC_MACP Member=Component *5 KF301-3P
Added Member To Class: ClassName=IPMC_MACP Member=Component *6 LM336
Added Member To Class: ClassName=IPMC_MACP Member=Component *7 LM336
Added Member To Class: ClassName=IPMC_MACP Member=Component *8 LM336
Added Member To Class: ClassName=IPMC_MACP Member=Component *10 SHT20
Added Member To Class: ClassName=IPMC_MACP Member=Component D2 ´äÂÌ 0805
Added Member To Class: ClassName=IPMC_MACP Member=Component D3 ºìµÆ 0805
Added Member To Class: ClassName=IPMC_MACP Member=Component DA2 Header 2
Added Member To Class: ClassName=IPMC_MACP Member=Component S1 SW-PB
Added Member To Class: ClassName=IPMC_MACP Member=Component T1 M3Í­ÖùÂÝË¿¿×
Added Member To Class: ClassName=IPMC_MACP Member=Component Y1 12MHZ
Added Member To Class: ClassName=IPMC_MACP Member=Component Y2 25MHZ
Added Room: Name=IPMC_MACP
