Change Component Designator: Old Designator=*4 New Designator=*7
Change Component Designator: Old Designator=* New Designator=*1
Change Component Designator: Old Designator=* New Designator=*2
Change Component Designator: Old Designator=* New Designator=*3
Change Component Designator: Old Designator=* New Designator=*4
Change Component Designator: Old Designator=* New Designator=*5
Change Component Designator: Old Designator=* New Designator=*6
Change Component Designator: Old Designator=C1 New Designator=C6
Change Component Designator: Old Designator=C1 New Designator=C7
Change Component Designator: Old Designator=C1 New Designator=C8
Change Component Designator: Old Designator=C2 New Designator=C9
Change Component Designator: Old Designator=C3 New Designator=C10
Change Component Designator: Old Designator=C4 New Designator=C11
Change Component Designator: Old Designator=C5 New Designator=C12
Change Component Designator: Old Designator=C6 New Designator=C24
Change Component Designator: Old Designator=C7 New Designator=C36
Change Component Designator: Old Designator=C8 New Designator=C40
Change Component Designator: Old Designator=C9 New Designator=C27
Change Component Designator: Old Designator=C10 New Designator=C17
Change Component Designator: Old Designator=C11 New Designator=C18
Change Component Designator: Old Designator=C12 New Designator=C19
Change Component Designator: Old Designator=C13 New Designator=C1
Change Component Designator: Old Designator=C13 New Designator=C2
Change Component Designator: Old Designator=C13 New Designator=C14
Change Component Designator: Old Designator=C13 New Designator=C15
Change Component Designator: Old Designator=C13 New Designator=C16
Change Component Designator: Old Designator=C13 New Designator=C20
Change Component Designator: Old Designator=C13 New Designator=C23
Change Component Designator: Old Designator=C14 New Designator=C34
Change Component Designator: Old Designator=C15 New Designator=C35
Change Component Designator: Old Designator=C16 New Designator=C38
Change Component Designator: Old Designator=C17 New Designator=C43
Change Component Designator: Old Designator=C18 New Designator=C42
Change Component Designator: Old Designator=C19 New Designator=C21
Change Component Designator: Old Designator=C20 New Designator=C22
Change Component Designator: Old Designator=C22 New Designator=C25
Change Component Designator: Old Designator=C23 New Designator=C26
Change Component Designator: Old Designator=C25 New Designator=C28
Change Component Designator: Old Designator=C26 New Designator=C37
Change Component Designator: Old Designator=C27 New Designator=C32
Change Component Designator: Old Designator=C28 New Designator=C39
Change Component Designator: Old Designator=C29 New Designator=C41
Change Component Designator: Old Designator=C? New Designator=C3
Change Component Designator: Old Designator=C? New Designator=C4
Change Component Designator: Old Designator=C? New Designator=C5
Change Component Designator: Old Designator=C? New Designator=C29
Change Component Designator: Old Designator=C? New Designator=C30
Change Component Designator: Old Designator=C? New Designator=C31
Change Component Designator: Old Designator=C? New Designator=C33
Change Component Designator: Old Designator=CAN New Designator=CAN1
Change Component Designator: Old Designator=L1 New Designator=L2
Change Component Designator: Old Designator=L2 New Designator=L3
Change Component Designator: Old Designator=L? New Designator=L1
Change Component Designator: Old Designator=R1 New Designator=R3
Change Component Designator: Old Designator=R1 New Designator=R6
Change Component Designator: Old Designator=R2 New Designator=R7
Change Component Designator: Old Designator=R3 New Designator=R8
Change Component Designator: Old Designator=R4 New Designator=R9
Change Component Designator: Old Designator=R5 New Designator=R10
Change Component Designator: Old Designator=R6 New Designator=R11
Change Component Designator: Old Designator=R7 New Designator=R12
Change Component Designator: Old Designator=R8 New Designator=R2
Change Component Designator: Old Designator=R8 New Designator=R13
Change Component Designator: Old Designator=R9 New Designator=R21
Change Component Designator: Old Designator=R9 New Designator=R22
Change Component Designator: Old Designator=R14 New Designator=R24
Change Component Designator: Old Designator=R15 New Designator=R26
Change Component Designator: Old Designator=R22 New Designator=R18
Change Component Designator: Old Designator=R22 New Designator=R25
Change Component Designator: Old Designator=R46 New Designator=R27
Change Component Designator: Old Designator=R? New Designator=R1
Change Component Designator: Old Designator=R? New Designator=R4
Change Component Designator: Old Designator=R? New Designator=R5
Change Component Designator: Old Designator=R? New Designator=R14
Change Component Designator: Old Designator=R? New Designator=R15
Change Component Designator: Old Designator=R? New Designator=R16
Change Component Designator: Old Designator=R? New Designator=R17
Change Component Designator: Old Designator=R? New Designator=R19
Change Component Designator: Old Designator=R? New Designator=R20
Change Component Designator: Old Designator=R? New Designator=R23
Change Component Designator: Old Designator=U5 New Designator=U4
Change Component Designator: Old Designator=U7 New Designator=U6
Change Component Designator: Old Designator=U? New Designator=U1
Change Component Designator: Old Designator=U? New Designator=U1
Change Component Designator: Old Designator=U? New Designator=U2
Change Component Designator: Old Designator=U? New Designator=U3
Change Component Designator: Old Designator=U? New Designator=U5
Change Component Designator: Old Designator=Y2 New Designator=Y1
Change Component Designator: Old Designator=Y? New Designator=Y2
Change Component Designator: Old Designator=Y? New Designator=Y3
